(MainThread) 181130_22:01:13.217 ERROR wrapper.py:56 ERROR -1 2104 Market data farm connection is OK:cashfarm
(MainThread) 181130_22:01:13.217 ERROR wrapper.py:56 ERROR -1 2104 Market data farm connection is OK:usopt
(MainThread) 181130_22:01:13.217 ERROR wrapper.py:56 ERROR -1 2104 Market data farm connection is OK:usfarm
(MainThread) 181130_22:01:13.218 ERROR wrapper.py:56 ERROR -1 2105 HMDS data farm connection is broken:njhmds
(MainThread) 181130_22:01:13.218 ERROR wrapper.py:56 ERROR -1 2106 HMDS data farm connection is OK:cashhmds
(MainThread) 181130_22:01:13.218 ERROR wrapper.py:56 ERROR -1 2106 HMDS data farm connection is OK:ushmds
(MainThread) 181130_22:01:14.104 ERROR wrapper.py:56 ERROR -1 2105 HMDS data farm connection is broken:ushmds
(MainThread) 181130_22:01:14.105 ERROR wrapper.py:56 ERROR 4102 165 Historical Market Data Service query message:HMDS server disconnect occurred.  Attempting reconnection...
(MainThread) 181130_22:01:14.265 ERROR wrapper.py:56 ERROR -1 2105 HMDS data farm connection is broken:ushmds
(MainThread) 181130_22:01:14.265 ERROR wrapper.py:56 ERROR 4102 165 Historical Market Data Service query message:HMDS connection attempt failed.  Connection will be re-attempted...
(MainThread) 181130_22:01:14.266 ERROR wrapper.py:56 ERROR 4102 165 Historical Market Data Service query message:HMDS server disconnect occurred.  Attempting reconnection...
(MainThread) 181130_22:01:18.211 ERROR wrapper.py:56 ERROR -1 2105 HMDS data farm connection is broken:ushmds
(MainThread) 181130_22:01:18.212 ERROR wrapper.py:56 ERROR 4102 165 Historical Market Data Service query message:HMDS connection attempt failed.  Connection will be re-attempted...
(MainThread) 181130_22:01:18.212 ERROR wrapper.py:56 ERROR 4102 165 Historical Market Data Service query message:HMDS server disconnect occurred.  Attempting reconnection...
(MainThread) 181130_22:01:22.886 ERROR wrapper.py:56 ERROR -1 2105 HMDS data farm connection is broken:cashhmds
(MainThread) 181130_22:01:23.014 ERROR wrapper.py:56 ERROR -1 2105 HMDS data farm connection is broken:cashhmds
(MainThread) 181130_22:01:26.624 ERROR wrapper.py:56 ERROR -1 2105 HMDS data farm connection is broken:cashhmds
(MainThread) 181130_22:01:33.039 ERROR wrapper.py:56 ERROR -1 2105 HMDS data farm connection is broken:ushmds
(MainThread) 181130_22:01:33.039 ERROR wrapper.py:56 ERROR 4102 165 Historical Market Data Service query message:HMDS connection attempt failed.  Connection will be re-attempted...
(MainThread) 181130_22:01:33.039 ERROR wrapper.py:56 ERROR 4102 165 Historical Market Data Service query message:HMDS server disconnect occurred.  Attempting reconnection...
